\BOOKMARK [0][-]{chapter.1}{\376\377\000I\000n\000t\000r\000o\000d\000u\000c\000t\000i\000o\000n}{}% 1
\BOOKMARK [1][-]{section.1.1}{\376\377\000P\000u\000r\000p\000o\000s\000e\000\040\000a\000n\000d\000\040\000A\000u\000d\000i\000e\000n\000c\000e}{chapter.1}% 2
\BOOKMARK [2][-]{subsection.1.1.1}{\376\377\000P\000r\000e\000r\000e\000q\000u\000i\000s\000i\000t\000e\000s}{section.1.1}% 3
\BOOKMARK [1][-]{section.1.2}{\376\377\000H\000o\000w\000\040\000t\000o\000\040\000U\000s\000e\000\040\000T\000h\000i\000s\000\040\000W\000o\000r\000k\000b\000o\000o\000k}{chapter.1}% 4
\BOOKMARK [0][-]{chapter.2}{\376\377\000S\000T\000P\000\040\000F\000u\000n\000d\000a\000m\000e\000n\000t\000a\000l\000s}{}% 5
\BOOKMARK [1][-]{section.2.1}{\376\377\000R\000e\000d\000u\000n\000d\000a\000n\000c\000y\000\040\000a\000n\000d\000\040\000t\000h\000e\000\040\000N\000e\000e\000d\000\040\000f\000o\000r\000\040\000S\000T\000P}{chapter.2}% 6
\BOOKMARK [2][-]{subsection.2.1.1}{\376\377\000R\000e\000d\000u\000n\000d\000a\000n\000c\000y\000\040\000i\000n\000\040\000S\000w\000i\000t\000c\000h\000e\000d\000\040\000N\000e\000t\000w\000o\000r\000k\000s}{section.2.1}% 7
\BOOKMARK [2][-]{subsection.2.1.2}{\376\377\000H\000o\000w\000\040\000S\000T\000P\000\040\000B\000r\000e\000a\000k\000s\000\040\000L\000o\000o\000p\000s}{section.2.1}% 8
\BOOKMARK [1][-]{section.2.2}{\376\377\000S\000T\000P\000\040\000C\000o\000n\000c\000e\000p\000t\000s\000\040\000a\000n\000d\000\040\000T\000e\000r\000m\000i\000n\000o\000l\000o\000g\000y}{chapter.2}% 9
\BOOKMARK [2][-]{subsection.2.2.1}{\376\377\000B\000r\000i\000d\000g\000e\000\040\000I\000D\000\040\000a\000n\000d\000\040\000R\000o\000o\000t\000\040\000B\000r\000i\000d\000g\000e}{section.2.2}% 10
\BOOKMARK [2][-]{subsection.2.2.2}{\376\377\000P\000o\000r\000t\000\040\000R\000o\000l\000e\000s}{section.2.2}% 11
\BOOKMARK [2][-]{subsection.2.2.3}{\376\377\000P\000o\000r\000t\000\040\000S\000t\000a\000t\000e\000s\000\040\000\050\0008\0000\0002\000.\0001\000D\000\040\000S\000T\000P\000\051}{section.2.2}% 12
\BOOKMARK [2][-]{subsection.2.2.4}{\376\377\000B\000P\000D\000U\000\040\000\050\000B\000r\000i\000d\000g\000e\000\040\000P\000r\000o\000t\000o\000c\000o\000l\000\040\000D\000a\000t\000a\000\040\000U\000n\000i\000t\000\051}{section.2.2}% 13
\BOOKMARK [2][-]{subsection.2.2.5}{\376\377\000P\000a\000t\000h\000\040\000C\000o\000s\000t}{section.2.2}% 14
\BOOKMARK [1][-]{section.2.3}{\376\377\000S\000T\000P\000\040\000T\000i\000m\000e\000r\000s}{chapter.2}% 15
\BOOKMARK [1][-]{section.2.4}{\376\377\000R\000o\000o\000t\000\040\000B\000r\000i\000d\000g\000e\000\040\000E\000l\000e\000c\000t\000i\000o\000n}{chapter.2}% 16
\BOOKMARK [2][-]{subsection.2.4.1}{\376\377\000T\000i\000e\000-\000B\000r\000e\000a\000k\000e\000r\000s}{section.2.4}% 17
\BOOKMARK [1][-]{section.2.5}{\376\377\000B\000a\000s\000i\000c\000\040\000S\000T\000P\000\040\000C\000o\000n\000f\000i\000g\000u\000r\000a\000t\000i\000o\000n}{chapter.2}% 18
\BOOKMARK [2][-]{subsection.2.5.1}{\376\377\000S\000e\000t\000t\000i\000n\000g\000\040\000t\000h\000e\000\040\000S\000T\000P\000\040\000M\000o\000d\000e}{section.2.5}% 19
\BOOKMARK [2][-]{subsection.2.5.2}{\376\377\000C\000o\000n\000f\000i\000g\000u\000r\000i\000n\000g\000\040\000t\000h\000e\000\040\000R\000o\000o\000t\000\040\000B\000r\000i\000d\000g\000e}{section.2.5}% 20
\BOOKMARK [2][-]{subsection.2.5.3}{\376\377\000P\000o\000r\000t\000F\000a\000s\000t\000\040\000o\000n\000\040\000E\000d\000g\000e\000\040\000P\000o\000r\000t\000s}{section.2.5}% 21
\BOOKMARK [2][-]{subsection.2.5.4}{\376\377\000V\000e\000r\000i\000f\000i\000c\000a\000t\000i\000o\000n}{section.2.5}% 22
\BOOKMARK [1][-]{section.2.6}{\376\377\000E\000x\000e\000r\000c\000i\000s\000e\000s}{chapter.2}% 23
\BOOKMARK [0][-]{chapter.3}{\376\377\000S\000T\000P\000\040\000F\000u\000n\000d\000a\000m\000e\000n\000t\000a\000l\000s}{}% 24
\BOOKMARK [1][-]{section.3.1}{\376\377\000R\000e\000d\000u\000n\000d\000a\000n\000c\000y\000\040\000a\000n\000d\000\040\000t\000h\000e\000\040\000N\000e\000e\000d\000\040\000f\000o\000r\000\040\000S\000T\000P}{chapter.3}% 25
\BOOKMARK [1][-]{section.3.2}{\376\377\000S\000T\000P\000\040\000C\000o\000n\000c\000e\000p\000t\000s\000\040\000a\000n\000d\000\040\000T\000e\000r\000m\000i\000n\000o\000l\000o\000g\000y}{chapter.3}% 26
\BOOKMARK [0][-]{chapter.4}{\376\377\000S\000T\000P\000\040\000V\000a\000r\000i\000a\000n\000t\000s\000\040\000\050\000P\000V\000S\000T\000+\000,\000\040\000R\000S\000T\000P\000,\000\040\000M\000S\000T\000P\000\051}{}% 27
\BOOKMARK [1][-]{section.4.1}{\376\377\000P\000V\000S\000T\000+}{chapter.4}% 28
\BOOKMARK [1][-]{section.4.2}{\376\377\000R\000a\000p\000i\000d\000\040\000S\000p\000a\000n\000n\000i\000n\000g\000\040\000T\000r\000e\000e\000\040\000P\000r\000o\000t\000o\000c\000o\000l\000\040\000\050\000R\000S\000T\000P\000\051}{chapter.4}% 29
\BOOKMARK [1][-]{section.4.3}{\376\377\000M\000u\000l\000t\000i\000p\000l\000e\000\040\000S\000p\000a\000n\000n\000i\000n\000g\000\040\000T\000r\000e\000e\000\040\000P\000r\000o\000t\000o\000c\000o\000l\000\040\000\050\000M\000S\000T\000P\000\051}{chapter.4}% 30
\BOOKMARK [0][-]{chapter.5}{\376\377\000A\000d\000v\000a\000n\000c\000e\000d\000\040\000S\000T\000P\000\040\000T\000u\000n\000i\000n\000g\000\040\000a\000n\000d\000\040\000S\000e\000c\000u\000r\000i\000t\000y}{}% 31
\BOOKMARK [1][-]{section.5.1}{\376\377\000P\000o\000r\000t\000F\000a\000s\000t}{chapter.5}% 32
\BOOKMARK [1][-]{section.5.2}{\376\377\000B\000P\000D\000U\000\040\000G\000u\000a\000r\000d}{chapter.5}% 33
\BOOKMARK [1][-]{section.5.3}{\376\377\000R\000o\000o\000t\000\040\000G\000u\000a\000r\000d\000\040\000a\000n\000d\000\040\000L\000o\000o\000p\000\040\000G\000u\000a\000r\000d}{chapter.5}% 34
\BOOKMARK [0][-]{chapter.6}{\376\377\000M\000o\000n\000i\000t\000o\000r\000i\000n\000g\000\040\000a\000n\000d\000\040\000T\000r\000o\000u\000b\000l\000e\000s\000h\000o\000o\000t\000i\000n\000g}{}% 35
\BOOKMARK [1][-]{section.6.1}{\376\377\000K\000e\000y\000\040\000S\000h\000o\000w\000\040\000C\000o\000m\000m\000a\000n\000d\000s}{chapter.6}% 36
\BOOKMARK [1][-]{section.6.2}{\376\377\000C\000o\000m\000m\000o\000n\000\040\000S\000T\000P\000\040\000P\000r\000o\000b\000l\000e\000m\000s}{chapter.6}% 37
\BOOKMARK [0][-]{chapter.7}{\376\377\000P\000r\000a\000c\000t\000i\000c\000a\000l\000\040\000L\000a\000b\000\040\000S\000c\000e\000n\000a\000r\000i\000o\000s}{}% 38
\BOOKMARK [1][-]{section.7.1}{\376\377\000S\000c\000e\000n\000a\000r\000i\000o\000\040\0001\000:\000\040\000S\000i\000n\000g\000l\000e\000-\000V\000L\000A\000N\000\040\000S\000T\000P}{chapter.7}% 39
\BOOKMARK [1][-]{section.7.2}{\376\377\000S\000c\000e\000n\000a\000r\000i\000o\000\040\0002\000:\000\040\000M\000u\000l\000t\000i\000-\000V\000L\000A\000N\000\040\000+\000\040\000P\000V\000S\000T\000+}{chapter.7}% 40
\BOOKMARK [1][-]{section.7.3}{\376\377\000S\000c\000e\000n\000a\000r\000i\000o\000\040\0003\000:\000\040\000R\000a\000p\000i\000d\000\040\000S\000T\000P\000\040\000\050\000R\000a\000p\000i\000d\000\040\000P\000V\000S\000T\000+\000\051}{chapter.7}% 41
\BOOKMARK [1][-]{section.7.4}{\376\377\000S\000c\000e\000n\000a\000r\000i\000o\000\040\0004\000:\000\040\000M\000S\000T\000P\000\040\000w\000i\000t\000h\000\040\000F\000o\000u\000r\000\040\000V\000L\000A\000N\000s}{chapter.7}% 42
\BOOKMARK [1][-]{section.7.5}{\376\377\000S\000c\000e\000n\000a\000r\000i\000o\000\040\0005\000:\000\040\000S\000e\000c\000u\000r\000i\000t\000y\000\040\000H\000a\000r\000d\000e\000n\000i\000n\000g}{chapter.7}% 43
\BOOKMARK [0][-]{chapter.8}{\376\377\000A\000d\000d\000i\000t\000i\000o\000n\000a\000l\000\040\000R\000e\000s\000o\000u\000r\000c\000e\000s}{}% 44
\BOOKMARK [1][-]{section.8.1}{\376\377\000O\000f\000f\000i\000c\000i\000a\000l\000\040\000D\000o\000c\000u\000m\000e\000n\000t\000a\000t\000i\000o\000n}{chapter.8}% 45
\BOOKMARK [1][-]{section.8.2}{\376\377\000B\000o\000o\000k\000s\000\040\000a\000n\000d\000\040\000S\000t\000u\000d\000y\000\040\000G\000u\000i\000d\000e\000s}{chapter.8}% 46
\BOOKMARK [1][-]{section.8.3}{\376\377\000O\000n\000l\000i\000n\000e\000\040\000A\000r\000t\000i\000c\000l\000e\000s\000\040\000a\000n\000d\000\040\000V\000i\000d\000e\000o\000s}{chapter.8}% 47
\BOOKMARK [1][-]{section.8.4}{\376\377\000L\000a\000b\000\040\000S\000i\000m\000u\000l\000a\000t\000i\000o\000n\000\040\000T\000o\000o\000l\000s}{chapter.8}% 48
\BOOKMARK [1][-]{section.8.5}{\376\377\000D\000e\000s\000i\000g\000n\000\040\000a\000n\000d\000\040\000B\000e\000s\000t\000\040\000P\000r\000a\000c\000t\000i\000c\000e\000s}{chapter.8}% 49
