\BOOKMARK [1][-]{section.1}{\376\377\000P\000a\000r\000t\000\040\000I\000:\000\040\000H\000S\000R\000P\000\040\000H\000a\000n\000d\000s\000-\000O\000n\000\040\000C\000o\000n\000f\000i\000g\000u\000r\000a\000t\000i\000o\000n}{}% 1
\BOOKMARK [2][-]{subsection.1.1}{\376\377\000B\000a\000s\000i\000c\000\040\000H\000S\000R\000P\000\040\000C\000o\000n\000f\000i\000g\000u\000r\000a\000t\000i\000o\000n}{section.1}% 2
\BOOKMARK [2][-]{subsection.1.2}{\376\377\000P\000r\000i\000o\000r\000i\000t\000y\000\040\000a\000n\000d\000\040\000P\000r\000e\000e\000m\000p\000t\000i\000o\000n\000\040\000C\000o\000n\000f\000i\000g\000u\000r\000a\000t\000i\000o\000n}{section.1}% 3
\BOOKMARK [2][-]{subsection.1.3}{\376\377\000H\000S\000R\000P\000\040\000L\000o\000a\000d\000\040\000B\000a\000l\000a\000n\000c\000i\000n\000g}{section.1}% 4
\BOOKMARK [2][-]{subsection.1.4}{\376\377\000H\000S\000R\000P\000\040\000A\000u\000t\000h\000e\000n\000t\000i\000c\000a\000t\000i\000o\000n\000\040\000a\000n\000d\000\040\000S\000e\000c\000u\000r\000i\000t\000y}{section.1}% 5
\BOOKMARK [2][-]{subsection.1.5}{\376\377\000T\000r\000a\000c\000k\000i\000n\000g\000\040\000M\000e\000c\000h\000a\000n\000i\000s\000m\000s}{section.1}% 6
\BOOKMARK [2][-]{subsection.1.6}{\376\377\000A\000d\000v\000a\000n\000c\000e\000d\000\040\000H\000S\000R\000P\000\040\000T\000i\000m\000e\000r\000s\000\040\000a\000n\000d\000\040\000O\000p\000t\000i\000m\000i\000z\000a\000t\000i\000o\000n}{section.1}% 7
\BOOKMARK [2][-]{subsection.1.7}{\376\377\000I\000P\000v\0006\000\040\000H\000S\000R\000P\000\040\000C\000o\000n\000f\000i\000g\000u\000r\000a\000t\000i\000o\000n}{section.1}% 8
\BOOKMARK [2][-]{subsection.1.8}{\376\377\000H\000S\000R\000P\000\040\000T\000r\000o\000u\000b\000l\000e\000s\000h\000o\000o\000t\000i\000n\000g\000\040\000a\000n\000d\000\040\000V\000e\000r\000i\000f\000i\000c\000a\000t\000i\000o\000n}{section.1}% 9
\BOOKMARK [2][-]{subsection.1.9}{\376\377\000F\000u\000l\000l\000\040\000T\000o\000p\000o\000l\000o\000g\000y\000\040\000I\000m\000p\000l\000e\000m\000e\000n\000t\000a\000t\000i\000o\000n}{section.1}% 10
\BOOKMARK [1][-]{section.2}{\376\377\000P\000a\000r\000t\000\040\000I\000I\000:\000\040\000V\000R\000R\000P\000\040\000H\000a\000n\000d\000s\000-\000O\000n\000\040\000C\000o\000n\000f\000i\000g\000u\000r\000a\000t\000i\000o\000n}{}% 11
\BOOKMARK [2][-]{subsection.2.1}{\376\377\000B\000a\000s\000i\000c\000\040\000V\000R\000R\000P\000\040\000C\000o\000n\000f\000i\000g\000u\000r\000a\000t\000i\000o\000n}{section.2}% 12
\BOOKMARK [2][-]{subsection.2.2}{\376\377\000P\000r\000i\000o\000r\000i\000t\000y\000\040\000a\000n\000d\000\040\000P\000r\000e\000e\000m\000p\000t\000i\000o\000n\000\040\000C\000o\000n\000f\000i\000g\000u\000r\000a\000t\000i\000o\000n}{section.2}% 13
\BOOKMARK [2][-]{subsection.2.3}{\376\377\000V\000R\000R\000P\000\040\000L\000o\000a\000d\000\040\000B\000a\000l\000a\000n\000c\000i\000n\000g}{section.2}% 14
\BOOKMARK [2][-]{subsection.2.4}{\376\377\000V\000R\000R\000P\000\040\000A\000u\000t\000h\000e\000n\000t\000i\000c\000a\000t\000i\000o\000n\000\040\000a\000n\000d\000\040\000S\000e\000c\000u\000r\000i\000t\000y}{section.2}% 15
\BOOKMARK [2][-]{subsection.2.5}{\376\377\000T\000r\000a\000c\000k\000i\000n\000g\000\040\000M\000e\000c\000h\000a\000n\000i\000s\000m\000s}{section.2}% 16
\BOOKMARK [2][-]{subsection.2.6}{\376\377\000A\000d\000v\000a\000n\000c\000e\000d\000\040\000V\000R\000R\000P\000\040\000T\000i\000m\000e\000r\000s\000\040\000a\000n\000d\000\040\000O\000p\000t\000i\000m\000i\000z\000a\000t\000i\000o\000n}{section.2}% 17
\BOOKMARK [2][-]{subsection.2.7}{\376\377\000I\000P\000v\0006\000\040\000V\000R\000R\000P\000\040\000C\000o\000n\000f\000i\000g\000u\000r\000a\000t\000i\000o\000n}{section.2}% 18
\BOOKMARK [2][-]{subsection.2.8}{\376\377\000V\000R\000R\000P\000\040\000T\000r\000o\000u\000b\000l\000e\000s\000h\000o\000o\000t\000i\000n\000g\000\040\000a\000n\000d\000\040\000V\000e\000r\000i\000f\000i\000c\000a\000t\000i\000o\000n}{section.2}% 19
\BOOKMARK [2][-]{subsection.2.9}{\376\377\000F\000u\000l\000l\000\040\000T\000o\000p\000o\000l\000o\000g\000y\000\040\000I\000m\000p\000l\000e\000m\000e\000n\000t\000a\000t\000i\000o\000n}{section.2}% 20
\BOOKMARK [1][-]{section.3}{\376\377\000P\000a\000r\000t\000\040\000I\000I\000I\000:\000\040\000G\000L\000B\000P\000\040\000H\000a\000n\000d\000s\000-\000O\000n\000\040\000C\000o\000n\000f\000i\000g\000u\000r\000a\000t\000i\000o\000n}{}% 21
\BOOKMARK [2][-]{subsection.3.1}{\376\377\000B\000a\000s\000i\000c\000\040\000G\000L\000B\000P\000\040\000C\000o\000n\000f\000i\000g\000u\000r\000a\000t\000i\000o\000n}{section.3}% 22
\BOOKMARK [2][-]{subsection.3.2}{\376\377\000P\000r\000i\000o\000r\000i\000t\000y\000\040\000a\000n\000d\000\040\000P\000r\000e\000e\000m\000p\000t\000i\000o\000n\000\040\000C\000o\000n\000f\000i\000g\000u\000r\000a\000t\000i\000o\000n}{section.3}% 23
\BOOKMARK [2][-]{subsection.3.3}{\376\377\000G\000L\000B\000P\000\040\000L\000o\000a\000d\000\040\000B\000a\000l\000a\000n\000c\000i\000n\000g}{section.3}% 24
\BOOKMARK [2][-]{subsection.3.4}{\376\377\000G\000L\000B\000P\000\040\000A\000u\000t\000h\000e\000n\000t\000i\000c\000a\000t\000i\000o\000n\000\040\000a\000n\000d\000\040\000S\000e\000c\000u\000r\000i\000t\000y}{section.3}% 25
\BOOKMARK [2][-]{subsection.3.5}{\376\377\000W\000e\000i\000g\000h\000t\000i\000n\000g\000\040\000a\000n\000d\000\040\000T\000r\000a\000c\000k\000i\000n\000g\000\040\000M\000e\000c\000h\000a\000n\000i\000s\000m\000s}{section.3}% 26
\BOOKMARK [2][-]{subsection.3.6}{\376\377\000A\000d\000v\000a\000n\000c\000e\000d\000\040\000G\000L\000B\000P\000\040\000T\000i\000m\000e\000r\000s\000\040\000a\000n\000d\000\040\000O\000p\000t\000i\000m\000i\000z\000a\000t\000i\000o\000n}{section.3}% 27
\BOOKMARK [2][-]{subsection.3.7}{\376\377\000I\000P\000v\0006\000\040\000G\000L\000B\000P\000\040\000C\000o\000n\000f\000i\000g\000u\000r\000a\000t\000i\000o\000n}{section.3}% 28
\BOOKMARK [2][-]{subsection.3.8}{\376\377\000G\000L\000B\000P\000\040\000T\000r\000o\000u\000b\000l\000e\000s\000h\000o\000o\000t\000i\000n\000g\000\040\000a\000n\000d\000\040\000V\000e\000r\000i\000f\000i\000c\000a\000t\000i\000o\000n}{section.3}% 29
\BOOKMARK [2][-]{subsection.3.9}{\376\377\000F\000u\000l\000l\000\040\000T\000o\000p\000o\000l\000o\000g\000y\000\040\000I\000m\000p\000l\000e\000m\000e\000n\000t\000a\000t\000i\000o\000n}{section.3}% 30
