\BOOKMARK [0][-]{chapter.1}{\376\377\000T\000u\000t\000o\000r\000i\000a\000l\000:\000\040\000I\000n\000t\000e\000r\000-\000V\000L\000A\000N\000\040\000R\000o\000u\000t\000i\000n\000g\000\040\000w\000i\000t\000h\000\040\000R\000O\000A\000S\000\040\000a\000n\000d\000\040\000M\000u\000l\000t\000i\000l\000a\000y\000e\000r\000\040\000S\000w\000i\000t\000c\000h\000e\000s}{}% 1
\BOOKMARK [1][-]{section.1.1}{\376\377\000I\000n\000t\000r\000o\000d\000u\000c\000t\000i\000o\000n}{chapter.1}% 2
\BOOKMARK [1][-]{section.1.2}{\376\377\000R\000o\000u\000t\000e\000r\000-\000o\000n\000-\000a\000-\000S\000t\000i\000c\000k\000\040\000\050\000R\000O\000A\000S\000\051}{chapter.1}% 3
\BOOKMARK [2][-]{subsection.1.2.1}{\376\377\000O\000v\000e\000r\000v\000i\000e\000w}{section.1.2}% 4
\BOOKMARK [2][-]{subsection.1.2.2}{\376\377\000H\000o\000w\000\040\000I\000t\000\040\000W\000o\000r\000k\000s}{section.1.2}% 5
\BOOKMARK [2][-]{subsection.1.2.3}{\376\377\000C\000o\000n\000f\000i\000g\000u\000r\000a\000t\000i\000o\000n\000\040\000S\000t\000e\000p\000s}{section.1.2}% 6
\BOOKMARK [2][-]{subsection.1.2.4}{\376\377\000A\000d\000v\000a\000n\000t\000a\000g\000e\000s\000\040\000a\000n\000d\000\040\000D\000i\000s\000a\000d\000v\000a\000n\000t\000a\000g\000e\000s}{section.1.2}% 7
\BOOKMARK [1][-]{section.1.3}{\376\377\000I\000n\000t\000e\000r\000-\000V\000L\000A\000N\000\040\000R\000o\000u\000t\000i\000n\000g\000\040\000w\000i\000t\000h\000\040\000a\000\040\000M\000u\000l\000t\000i\000l\000a\000y\000e\000r\000\040\000S\000w\000i\000t\000c\000h\000\040\000\050\000M\000L\000S\000\051}{chapter.1}% 8
\BOOKMARK [2][-]{subsection.1.3.1}{\376\377\000O\000v\000e\000r\000v\000i\000e\000w}{section.1.3}% 9
\BOOKMARK [2][-]{subsection.1.3.2}{\376\377\000H\000o\000w\000\040\000I\000t\000\040\000W\000o\000r\000k\000s}{section.1.3}% 10
\BOOKMARK [2][-]{subsection.1.3.3}{\376\377\000C\000o\000n\000f\000i\000g\000u\000r\000a\000t\000i\000o\000n\000\040\000S\000t\000e\000p\000s}{section.1.3}% 11
\BOOKMARK [2][-]{subsection.1.3.4}{\376\377\000A\000d\000v\000a\000n\000t\000a\000g\000e\000s\000\040\000a\000n\000d\000\040\000D\000i\000s\000a\000d\000v\000a\000n\000t\000a\000g\000e\000s}{section.1.3}% 12
\BOOKMARK [1][-]{section.1.4}{\376\377\000C\000h\000o\000o\000s\000i\000n\000g\000\040\000B\000e\000t\000w\000e\000e\000n\000\040\000R\000O\000A\000S\000\040\000a\000n\000d\000\040\000M\000L\000S}{chapter.1}% 13
\BOOKMARK [1][-]{section.1.5}{\376\377\000C\000o\000n\000c\000l\000u\000s\000i\000o\000n}{chapter.1}% 14
\BOOKMARK [-1][-]{part.1}{\376\377\000I\000\040\000E\000x\000e\000r\000c\000i\000s\000e\000s\000\040\000a\000n\000d\000\040\000H\000a\000n\000d\000s\000-\000O\000n\000\040\000P\000r\000a\000c\000t\000i\000c\000e}{}% 15
\BOOKMARK [0][-]{chapter.2}{\376\377\000R\000o\000u\000t\000e\000r\000-\000o\000n\000-\000a\000-\000S\000t\000i\000c\000k\000\040\000\050\000R\000O\000A\000S\000\051}{part.1}% 16
\BOOKMARK [0][-]{chapter.3}{\376\377\000M\000u\000l\000t\000i\000l\000a\000y\000e\000r\000\040\000S\000w\000i\000t\000c\000h\000\040\000\050\000M\000L\000S\000\051}{part.1}% 17
\BOOKMARK [-1][-]{part.2}{\376\377\000I\000I\000\040\000A\000n\000s\000w\000e\000r\000\040\000K\000e\000y\000\040\000a\000n\000d\000\040\000E\000x\000p\000l\000a\000n\000a\000t\000i\000o\000n\000s}{}% 18
\BOOKMARK [0][-]{chapter.4}{\376\377\000R\000o\000u\000t\000e\000r\000-\000o\000n\000-\000a\000-\000S\000t\000i\000c\000k\000\040\000\050\000R\000O\000A\000S\000\051\000\040\000-\000\040\000A\000n\000s\000w\000e\000r\000s}{part.2}% 19
\BOOKMARK [0][-]{chapter.5}{\376\377\000M\000u\000l\000t\000i\000l\000a\000y\000e\000r\000\040\000S\000w\000i\000t\000c\000h\000\040\000\050\000M\000L\000S\000\051\000\040\000-\000\040\000A\000n\000s\000w\000e\000r\000s}{part.2}% 20
