\BOOKMARK [1][-]{section.1}{\376\377\000I\000n\000t\000r\000o\000d\000u\000c\000t\000i\000o\000n\000\040\000t\000o\000\040\000E\000t\000h\000e\000r\000C\000h\000a\000n\000n\000e\000l}{}% 1
\BOOKMARK [2][-]{subsection.1.1}{\376\377\000W\000h\000a\000t\000\040\000i\000s\000\040\000E\000t\000h\000e\000r\000C\000h\000a\000n\000n\000e\000l\000?}{section.1}% 2
\BOOKMARK [2][-]{subsection.1.2}{\376\377\000K\000e\000y\000\040\000B\000e\000n\000e\000f\000i\000t\000s\000\040\000o\000f\000\040\000E\000t\000h\000e\000r\000C\000h\000a\000n\000n\000e\000l}{section.1}% 3
\BOOKMARK [2][-]{subsection.1.3}{\376\377\000E\000t\000h\000e\000r\000C\000h\000a\000n\000n\000e\000l\000\040\000P\000r\000o\000t\000o\000c\000o\000l\000s}{section.1}% 4
\BOOKMARK [2][-]{subsection.1.4}{\376\377\000E\000t\000h\000e\000r\000C\000h\000a\000n\000n\000e\000l\000\040\000i\000n\000\040\000N\000e\000t\000w\000o\000r\000k\000\040\000D\000e\000s\000i\000g\000n}{section.1}% 5
\BOOKMARK [1][-]{section.2}{\376\377\000E\000t\000h\000e\000r\000C\000h\000a\000n\000n\000e\000l\000\040\000P\000r\000o\000t\000o\000c\000o\000l\000s}{}% 6
\BOOKMARK [2][-]{subsection.2.1}{\376\377\000C\000o\000n\000f\000i\000g\000u\000r\000i\000n\000g\000\040\000P\000A\000g\000P\000-\000b\000a\000s\000e\000d\000\040\000E\000t\000h\000e\000r\000C\000h\000a\000n\000n\000e\000l}{section.2}% 7
\BOOKMARK [2][-]{subsection.2.2}{\376\377\000C\000o\000n\000f\000i\000g\000u\000r\000i\000n\000g\000\040\000L\000A\000C\000P\000-\000b\000a\000s\000e\000d\000\040\000E\000t\000h\000e\000r\000C\000h\000a\000n\000n\000e\000l}{section.2}% 8
\BOOKMARK [2][-]{subsection.2.3}{\376\377\000C\000o\000n\000f\000i\000g\000u\000r\000i\000n\000g\000\040\000S\000t\000a\000t\000i\000c\000\040\000M\000o\000d\000e\000\040\000E\000t\000h\000e\000r\000C\000h\000a\000n\000n\000e\000l}{section.2}% 9
\BOOKMARK [2][-]{subsection.2.4}{\376\377\000C\000o\000m\000p\000a\000r\000i\000n\000g\000\040\000P\000A\000g\000P\000,\000\040\000L\000A\000C\000P\000,\000\040\000a\000n\000d\000\040\000S\000t\000a\000t\000i\000c\000\040\000M\000o\000d\000e}{section.2}% 10
\BOOKMARK [1][-]{section.3}{\376\377\000C\000o\000n\000f\000i\000g\000u\000r\000i\000n\000g\000\040\000E\000t\000h\000e\000r\000C\000h\000a\000n\000n\000e\000l}{}% 11
\BOOKMARK [2][-]{subsection.3.1}{\376\377\000F\000u\000l\000l\000\040\000E\000t\000h\000e\000r\000C\000h\000a\000n\000n\000e\000l\000\040\000C\000o\000n\000f\000i\000g\000u\000r\000a\000t\000i\000o\000n}{section.3}% 12
\BOOKMARK [1][-]{section.4}{\376\377\000L\000o\000a\000d\000\040\000B\000a\000l\000a\000n\000c\000i\000n\000g\000\040\000i\000n\000\040\000E\000t\000h\000e\000r\000C\000h\000a\000n\000n\000e\000l}{}% 13
\BOOKMARK [2][-]{subsection.4.1}{\376\377\000E\000t\000h\000e\000r\000C\000h\000a\000n\000n\000e\000l\000\040\000L\000o\000a\000d\000\040\000B\000a\000l\000a\000n\000c\000i\000n\000g\000\040\000M\000e\000t\000h\000o\000d\000s}{section.4}% 14
\BOOKMARK [1][-]{section.5}{\376\377\000E\000t\000h\000e\000r\000C\000h\000a\000n\000n\000e\000l\000\040\000a\000n\000d\000\040\000V\000L\000A\000N\000s}{}% 15
\BOOKMARK [2][-]{subsection.5.1}{\376\377\000C\000o\000n\000f\000i\000g\000u\000r\000i\000n\000g\000\040\000V\000L\000A\000N\000s\000\040\000w\000i\000t\000h\000\040\000E\000t\000h\000e\000r\000C\000h\000a\000n\000n\000e\000l}{section.5}% 16
\BOOKMARK [2][-]{subsection.5.2}{\376\377\000E\000t\000h\000e\000r\000C\000h\000a\000n\000n\000e\000l\000\040\000w\000i\000t\000h\000\040\000T\000r\000u\000n\000k\000i\000n\000g}{section.5}% 17
\BOOKMARK [2][-]{subsection.5.3}{\376\377\000V\000L\000A\000N\000\040\000L\000o\000a\000d\000\040\000D\000i\000s\000t\000r\000i\000b\000u\000t\000i\000o\000n}{section.5}% 18
\BOOKMARK [2][-]{subsection.5.4}{\376\377\000T\000r\000o\000u\000b\000l\000e\000s\000h\000o\000o\000t\000i\000n\000g\000\040\000V\000L\000A\000N\000\040\000a\000n\000d\000\040\000E\000t\000h\000e\000r\000C\000h\000a\000n\000n\000e\000l\000\040\000I\000s\000s\000u\000e\000s}{section.5}% 19
\BOOKMARK [1][-]{section.6}{\376\377\000A\000d\000v\000a\000n\000c\000e\000d\000\040\000E\000t\000h\000e\000r\000C\000h\000a\000n\000n\000e\000l\000\040\000T\000r\000o\000u\000b\000l\000e\000s\000h\000o\000o\000t\000i\000n\000g}{}% 20
\BOOKMARK [2][-]{subsection.6.1}{\376\377\000I\000d\000e\000n\000t\000i\000f\000y\000i\000n\000g\000\040\000C\000o\000m\000m\000o\000n\000\040\000P\000r\000o\000b\000l\000e\000m\000s}{section.6}% 21
\BOOKMARK [2][-]{subsection.6.2}{\376\377\000U\000s\000i\000n\000g\000\040\000S\000h\000o\000w\000\040\000C\000o\000m\000m\000a\000n\000d\000s}{section.6}% 22
\BOOKMARK [2][-]{subsection.6.3}{\376\377\000B\000e\000s\000t\000\040\000P\000r\000a\000c\000t\000i\000c\000e\000s\000\040\000i\000n\000\040\000T\000r\000o\000u\000b\000l\000e\000s\000h\000o\000o\000t\000i\000n\000g}{section.6}% 23
\BOOKMARK [2][-]{subsection.6.4}{\376\377\000R\000e\000a\000l\000-\000W\000o\000r\000l\000d\000\040\000C\000a\000s\000e\000\040\000S\000t\000u\000d\000y}{section.6}% 24
\BOOKMARK [1][-]{section.7}{\376\377\000B\000e\000s\000t\000\040\000P\000r\000a\000c\000t\000i\000c\000e\000s\000\040\000a\000n\000d\000\040\000S\000e\000c\000u\000r\000i\000t\000y\000\040\000C\000o\000n\000s\000i\000d\000e\000r\000a\000t\000i\000o\000n\000s}{}% 25
\BOOKMARK [2][-]{subsection.7.1}{\376\377\000E\000t\000h\000e\000r\000C\000h\000a\000n\000n\000e\000l\000\040\000B\000e\000s\000t\000\040\000P\000r\000a\000c\000t\000i\000c\000e\000s}{section.7}% 26
\BOOKMARK [2][-]{subsection.7.2}{\376\377\000S\000e\000c\000u\000r\000i\000t\000y\000\040\000R\000i\000s\000k\000s}{section.7}% 27
\BOOKMARK [2][-]{subsection.7.3}{\376\377\000S\000e\000c\000u\000r\000i\000n\000g\000\040\000E\000t\000h\000e\000r\000C\000h\000a\000n\000n\000e\000l\000\040\000C\000o\000n\000f\000i\000g\000u\000r\000a\000t\000i\000o\000n\000s}{section.7}% 28
